name=1; pos=(1, 1); height =19; width=2; power=0.5; layer=0;
name=2; pos=(22, 11);	height =9; width=2; power=0.32; layer=0;
name=3; pos=(5, 1);	height =1; width=6; power=0.25; layer=0;
name=4; pos=(4, 3); width=3; height =1; power=0.65; layer=0;
name=5; pos=(8, 3); height =1; name=5; 	 width=3;  power=0.2; layer=0;
name=6; power=0.2; pos=(4, 5); width=4; height =1; layer=0;
name=7; pos=(9, 5); width=3; height =2; power=0.42; layer=0;
name=8; pos=(4, 7); width=1.5; height =1.5; power=0.32; layer=0;
height =2.5; power=0.82; name=9; 	pos=(4, 9); width=2.5; layer=0;
name=10; pos=(7, 8); width=3.5; height =1.5; power=0.7; layer=0;
name=11; pos=(8, 10); width=4; height =2; power=0.1; layer=0;
name=12; pos=(4, 13); width=9; height =1; power=0.8; layer=0;
name=13; pos=(4, 15); width=9; height =5; power=0.4; layer=0;
name=14; pos=(12, 1); width=2.5; height =1; power=0.12; layer=0;
name=15; pos=(13, 3); width=3.5; height =4; power=0.65; layer=0;
name=16; pos=(13, 7); width=3; height =2; power=0.45; layer=0;
name=17; pos=(13, 10); width=2; height =3; power=0.456; layer=0;
name=18; pos=(17, 1); width=3; height =3; power=0.389; layer=0;
name=19; pos=(21, 1); width=3; height =3; power=0.11; layer=0;
name=20; pos=(17, 5); width=7; height =2; power=0.2; layer=0;
name=21; pos=(17, 8); width=2; height =2; power=0.02; layer=0;
name=22; pos=(20, 8); width=4; height =2; power=0.56; layer=0;
name=23; pos=(16, 11); width=5; height =3; power=0.75; layer=0;
name=24; pos=(13, 15); width=1.5; height =5; power=0.23; layer=0;
name=25; pos=(15, 15); width=1.5; height =5; power=0.2; layer=0;
name=26; pos=(17, 15); width=1.5; height =5; power=0.08; layer=0;
name=27; pos=(19, 15); width=1.5; height =5; power=0.6; layer=0;
name=1; pos=(1, 1); height =19; width=2; power=0.5; layer=1;
name=2; pos=(22, 11);	height =9; width=2; power=0.32; layer=1;
name=3; pos=(5, 1);	height =1; width=6; power=0.25; layer=1;
name=4; pos=(4, 3); width=3; height =1; power=0.65; layer=1;
name=5; pos=(8, 3); height =1; name=5; 	 width=3;  power=0.2; layer=1;
name=6; power=0.2; pos=(4, 5); width=4; height =1; layer=1;
name=7; pos=(9, 5); width=3; height =2; power=0.42; layer=1;
name=8; pos=(4, 7); width=1.5; height =1.5; power=0.32; layer=1;
height =2.5; power=0.82; name=9; 	pos=(4, 9); width=2.5; layer=1;
name=10; pos=(7, 8); width=3.5; height =1.5; power=0.7; layer=1;
name=11; pos=(8, 10); width=4; height =2; power=0.1; layer=1;
name=12; pos=(4, 13); width=9; height =1; power=0.8; layer=1;
name=13; pos=(4, 15); width=9; height =5; power=0.4; layer=1;
name=14; pos=(12, 1); width=2.5; height =1; power=0.12; layer=1;
name=15; pos=(13, 3); width=3.5; height =4; power=0.65; layer=1;
name=16; pos=(13, 7); width=3; height =2; power=0.45; layer=1;
name=17; pos=(13, 10); width=2; height =3; power=0.456; layer=1;
name=18; pos=(17, 1); width=3; height =3; power=0.389; layer=1;
name=19; pos=(21, 1); width=3; height =3; power=0.11; layer=1;
name=20; pos=(17, 5); width=7; height =2; power=0.2; layer=1;
name=21; pos=(17, 8); width=2; height =2; power=0.02; layer=1;
name=22; pos=(20, 8); width=4; height =2; power=0.56; layer=1;
name=23; pos=(16, 11); width=5; height =3; power=0.75; layer=1;
name=24; pos=(13, 15); width=1.5; height =5; power=0.23; layer=1;
name=25; pos=(15, 15); width=1.5; height =5; power=0.2; layer=1;
name=26; pos=(17, 15); width=1.5; height =5; power=0.08; layer=1;
name=27; pos=(19, 15); width=1.5; height =5; power=0.6; layer=1;
name=1; pos=(1, 1); height =19; width=2; power=0.5; layer=2;
name=2; pos=(22, 11);	height =9; width=2; power=0.32; layer=2;
name=3; pos=(5, 1);	height =1; width=6; power=0.25; layer=2;
name=4; pos=(4, 3); width=3; height =1; power=0.65; layer=2;
name=5; pos=(8, 3); height =1; name=5; 	 width=3;  power=0.2; layer=2;
name=6; power=0.2; pos=(4, 5); width=4; height =1; layer=2;
name=7; pos=(9, 5); width=3; height =2; power=0.42; layer=2;
name=8; pos=(4, 7); width=1.5; height =1.5; power=0.32; layer=2;
height =2.5; power=0.82; name=9; 	pos=(4, 9); width=2.5; layer=2;
name=10; pos=(7, 8); width=3.5; height =1.5; power=0.7; layer=2;
name=11; pos=(8, 10); width=4; height =2; power=0.1; layer=2;
name=12; pos=(4, 13); width=9; height =1; power=0.8; layer=2;
name=13; pos=(4, 15); width=9; height =5; power=0.4; layer=2;
name=14; pos=(12, 1); width=2.5; height =1; power=0.12; layer=2;
name=15; pos=(13, 3); width=3.5; height =4; power=0.65; layer=2;
name=16; pos=(13, 7); width=3; height =2; power=0.45; layer=2;
name=17; pos=(13, 10); width=2; height =3; power=0.456; layer=2;
name=18; pos=(17, 1); width=3; height =3; power=0.389; layer=2;
name=19; pos=(21, 1); width=3; height =3; power=0.11; layer=2;
name=20; pos=(17, 5); width=7; height =2; power=0.2; layer=2;
name=21; pos=(17, 8); width=2; height =2; power=0.02; layer=2;
name=22; pos=(20, 8); width=4; height =2; power=0.56; layer=2;
name=23; pos=(16, 11); width=5; height =3; power=0.75; layer=2;
name=24; pos=(13, 15); width=1.5; height =5; power=0.23; layer=2;
name=25; pos=(15, 15); width=1.5; height =5; power=0.2; layer=2;
name=26; pos=(17, 15); width=1.5; height =5; power=0.08; layer=2;
name=27; pos=(19, 15); width=1.5; height =5; power=0.6; layer=2;